[2026-06-13T15:32:46-07:00] INFO: Scheduler initialized with 34 tasks.
[2026-06-13T15:32:46-07:00] INFO: Ready tasks: ['spec.code_quality.CodeQualitySuite', 'spec.rltree.MinimalPytorchMlp', 'spec.app.App']
[2026-06-13T15:32:47-07:00] INFO: Task 'spec.code_quality.CodeQualitySuite' successfully completed and marked as IMPLEMENTED.
[2026-06-13T15:32:47-07:00] INFO: Next ready tasks: ['spec.code_quality.CoverageIntegration', 'spec.rltree.MinimalPytorchMlp', 'spec.app.App']
[2026-06-13T15:32:49-07:00] INFO: Task 'spec.code_quality.CoverageIntegration' successfully completed and marked as IMPLEMENTED.
[2026-06-13T15:32:49-07:00] INFO: Next ready tasks: ['spec.code_quality.MutmutIntegration', 'spec.rltree.MinimalPytorchMlp', 'spec.app.App']
[2026-06-13T15:32:50-07:00] INFO: Task 'spec.code_quality.MutmutIntegration' successfully completed and marked as IMPLEMENTED.
[2026-06-13T15:32:50-07:00] INFO: Next ready tasks: ['spec.code_quality.MypyIntegration', 'spec.rltree.MinimalPytorchMlp', 'spec.app.App']
[2026-06-13T15:32:53-07:00] INFO: Task 'spec.code_quality.MypyIntegration' successfully completed and marked as IMPLEMENTED.
[2026-06-13T15:32:53-07:00] INFO: Next ready tasks: ['spec.code_quality.RadonIntegration', 'spec.rltree.MinimalPytorchMlp', 'spec.app.App']
[2026-06-13T15:32:54-07:00] INFO: Task 'spec.code_quality.RadonIntegration' successfully completed and marked as IMPLEMENTED.
[2026-06-13T15:32:54-07:00] INFO: Next ready tasks: ['spec.code_quality.RuffIntegration', 'spec.rltree.MinimalPytorchMlp', 'spec.app.App']
[2026-06-13T15:32:56-07:00] INFO: Task 'spec.code_quality.RuffIntegration' successfully completed and marked as IMPLEMENTED.
[2026-06-13T15:32:56-07:00] INFO: Next ready tasks: ['spec.code_quality.UvPackageManager', 'spec.rltree.MinimalPytorchMlp', 'spec.app.App']
[2026-06-13T15:32:57-07:00] INFO: Task 'spec.code_quality.UvPackageManager' successfully completed and marked as IMPLEMENTED.
[2026-06-13T15:32:57-07:00] INFO: Next ready tasks: ['spec.rltree.MinimalPytorchMlp', 'spec.app.App']
[2026-06-13T15:33:00-07:00] INFO: Task 'spec.rltree.MinimalPytorchMlp' assigned to worker 'antigravity'.
[2026-06-13T15:39:36-07:00] INFO: Task 'spec.rltree.MinimalPytorchMlp' successfully completed and marked as IMPLEMENTED.
[2026-06-13T15:39:36-07:00] INFO: Next ready tasks: ['spec.rltree.SyntheticSvgDataset', 'spec.app.App']
[2026-06-13T15:39:38-07:00] INFO: Task 'spec.app.App' successfully completed and marked as IMPLEMENTED.
[2026-06-13T15:39:38-07:00] INFO: Next ready tasks: ['spec.rltree.SyntheticSvgDataset', 'spec.app.CmdLine']
[2026-06-13T15:39:39-07:00] INFO: Task 'spec.app.CmdLine' successfully completed and marked as IMPLEMENTED.
[2026-06-13T15:39:39-07:00] INFO: Next ready tasks: ['spec.rltree.SyntheticSvgDataset']
[2026-06-13T15:39:40-07:00] INFO: Task 'spec.rltree.SyntheticSvgDataset' successfully completed and marked as IMPLEMENTED.
[2026-06-13T15:39:40-07:00] INFO: Next ready tasks: ['spec.rltree.BehavioralCloningBootstrap']
[2026-06-13T15:39:41-07:00] INFO: Task 'spec.rltree.BehavioralCloningBootstrap' successfully completed and marked as IMPLEMENTED.
[2026-06-13T15:39:41-07:00] INFO: Next ready tasks: ['spec.rltree.BcExecutionLimit']
[2026-06-13T15:39:43-07:00] INFO: Task 'spec.rltree.BcExecutionLimit' successfully completed and marked as IMPLEMENTED.
[2026-06-13T15:39:43-07:00] INFO: Next ready tasks: ['spec.rltree.BcLossAndOptimizer']
[2026-06-13T15:39:44-07:00] INFO: Task 'spec.rltree.BcLossAndOptimizer' successfully completed and marked as IMPLEMENTED.
[2026-06-13T15:39:44-07:00] INFO: Next ready tasks: ['spec.rltree.DfsTupleExtraction']
[2026-06-13T15:39:45-07:00] INFO: Task 'spec.rltree.DfsTupleExtraction' successfully completed and marked as IMPLEMENTED.
[2026-06-13T15:39:45-07:00] INFO: Next ready tasks: ['spec.rltree.ObservationStateEncoder']
[2026-06-13T15:39:47-07:00] INFO: Task 'spec.rltree.ObservationStateEncoder' successfully completed and marked as IMPLEMENTED.
[2026-06-13T15:39:47-07:00] INFO: Next ready tasks: ['spec.rltree.TargetActionEncoder']
[2026-06-13T15:39:48-07:00] INFO: Task 'spec.rltree.TargetActionEncoder' successfully completed and marked as IMPLEMENTED.
[2026-06-13T15:39:48-07:00] INFO: Next ready tasks: ['spec.rltree.BcTrainingLoop']
[2026-06-13T15:39:50-07:00] INFO: Task 'spec.rltree.BcTrainingLoop' successfully completed and marked as IMPLEMENTED.
[2026-06-13T15:39:50-07:00] INFO: Next ready tasks: ['spec.rltree.DenseReinforceFineTuning']
[2026-06-13T15:39:51-07:00] INFO: Task 'spec.rltree.DenseReinforceFineTuning' successfully completed and marked as IMPLEMENTED.
[2026-06-13T15:39:51-07:00] INFO: Next ready tasks: ['spec.rltree.SvgDatasetSize']
[2026-06-13T15:39:52-07:00] INFO: Task 'spec.rltree.SvgDatasetSize' successfully completed and marked as IMPLEMENTED.
[2026-06-13T15:39:52-07:00] INFO: Next ready tasks: ['spec.rltree.DfsTraversal']
[2026-06-13T15:39:54-07:00] INFO: Task 'spec.rltree.DfsTraversal' successfully completed and marked as IMPLEMENTED.
[2026-06-13T15:39:54-07:00] INFO: Next ready tasks: ['spec.rltree.RapidPoC']
[2026-06-13T15:39:55-07:00] INFO: Task 'spec.rltree.RapidPoC' successfully completed and marked as IMPLEMENTED.
[2026-06-13T15:39:55-07:00] INFO: Next ready tasks: ['spec.rltree.ExecutionTimeConstraint']
[2026-06-13T15:39:57-07:00] INFO: Task 'spec.rltree.ExecutionTimeConstraint' successfully completed and marked as IMPLEMENTED.
[2026-06-13T15:39:57-07:00] INFO: Next ready tasks: ['spec.rltree.MlpEmbeddingLayers']
[2026-06-13T15:39:58-07:00] INFO: Task 'spec.rltree.MlpEmbeddingLayers' successfully completed and marked as IMPLEMENTED.
[2026-06-13T15:39:58-07:00] INFO: Next ready tasks: ['spec.rltree.MlpHiddenLayers']
[2026-06-13T15:39:59-07:00] INFO: Task 'spec.rltree.MlpHiddenLayers' successfully completed and marked as IMPLEMENTED.
[2026-06-13T15:39:59-07:00] INFO: Next ready tasks: ['spec.rltree.MlpOutputDistribution']
[2026-06-13T15:40:01-07:00] INFO: Task 'spec.rltree.MlpOutputDistribution' successfully completed and marked as IMPLEMENTED.
[2026-06-13T15:40:01-07:00] INFO: Next ready tasks: ['spec.rltree.SvgNodeAndDepthLimits']
[2026-06-13T15:40:02-07:00] INFO: Task 'spec.rltree.SvgNodeAndDepthLimits' successfully completed and marked as IMPLEMENTED.
[2026-06-13T15:40:02-07:00] INFO: Next ready tasks: ['spec.rltree.SvgTagVocabulary']
[2026-06-13T15:40:03-07:00] INFO: Task 'spec.rltree.SvgTagVocabulary' successfully completed and marked as IMPLEMENTED.
[2026-06-13T15:40:03-07:00] INFO: Next ready tasks: ['spec.rltree.RlEnvironment']
[2026-06-13T15:40:04-07:00] INFO: Task 'spec.rltree.RlEnvironment' successfully completed and marked as IMPLEMENTED.
[2026-06-13T15:40:04-07:00] INFO: Next ready tasks: ['spec.rltree.RlPolicyGradient']
[2026-06-13T15:40:05-07:00] INFO: Task 'spec.rltree.RlPolicyGradient' successfully completed and marked as IMPLEMENTED.
[2026-06-13T15:40:05-07:00] INFO: Next ready tasks: ['spec.rltree.RlRewardFunction']
[2026-06-13T15:40:06-07:00] INFO: Task 'spec.rltree.RlRewardFunction' successfully completed and marked as IMPLEMENTED.
[2026-06-13T15:40:06-07:00] INFO: Next ready tasks: ['spec.rltree.SvgXmlParser']
[2026-06-13T15:40:08-07:00] INFO: Task 'spec.rltree.SvgXmlParser' successfully completed and marked as IMPLEMENTED.
[2026-06-13T15:40:08-07:00] INFO: Next ready tasks: ['spec.rltree.ThreeMinuteBudget']
[2026-06-13T15:40:09-07:00] INFO: Task 'spec.rltree.ThreeMinuteBudget' successfully completed and marked as IMPLEMENTED.
[2026-06-13T15:40:09-07:00] INFO: Next ready tasks: ['spec.rltree.ValidInferenceOutput']
[2026-06-13T15:40:10-07:00] INFO: Task 'spec.rltree.ValidInferenceOutput' successfully completed and marked as IMPLEMENTED.
[2026-06-13T15:40:10-07:00] INFO: Next ready tasks: []
